# JRE version: OpenJDK Runtime Environment (8.0_302-b08) (build 1.8.0_302-b08)
# Java VM: OpenJDK 64-Bit Server VM (25.302-b08 mixed mode windows-amd64 compressed oops)
Heap:
 PSYoungGen      total 133120K, used 35789K [0x000000076b700000, 0x0000000774780000, 0x00000007c0000000)
  eden space 122368K, 20% used [0x000000076b700000,0x000000076cf737b0,0x0000000772e80000)
  from space 10752K, 99% used [0x0000000773200000,0x0000000773c7fe50,0x0000000773c80000)
  to   space 11264K, 0% used [0x0000000773c80000,0x0000000773c80000,0x0000000774780000)
 ParOldGen       total 109568K, used 20343K [0x00000006c2400000, 0x00000006c8f00000, 0x000000076b700000)
  object space 109568K, 18% used [0x00000006c2400000,0x00000006c37ddf88,0x00000006c8f00000)
 Metaspace       used 51109K, capacity 54066K, committed 54400K, reserved 1095680K
  class space    used 6961K, capacity 7463K, committed 7552K, reserved 1048576K
GC Heap History (10 events):
Event: 2.516 GC heap before
{Heap before GC invocations=5 (full 1):
 PSYoungGen      total 75776K, used 65024K [0x000000076b700000, 0x0000000774b00000, 0x00000007c0000000)
  eden space 65024K, 100% used [0x000000076b700000,0x000000076f680000,0x000000076f680000)
  from space 10752K, 0% used [0x000000076f680000,0x000000076f680000,0x0000000770100000)
  to   space 10752K, 0% used [0x0000000774080000,0x0000000774080000,0x0000000774b00000)
 ParOldGen       total 109568K, used 6049K [0x00000006c2400000, 0x00000006c8f00000, 0x000000076b700000)
  object space 109568K, 5% used [0x00000006c2400000,0x00000006c29e84b8,0x00000006c8f00000)
 Metaspace       used 23821K, capacity 25162K, committed 25344K, reserved 1071104K
  class space    used 3012K, capacity 3283K, committed 3328K, reserved 1048576K
Event: 2.520 GC heap after
Heap after GC invocations=5 (full 1):
 PSYoungGen      total 96768K, used 6632K [0x000000076b700000, 0x0000000774700000, 0x00000007c0000000)
  eden space 90112K, 0% used [0x000000076b700000,0x000000076b700000,0x0000000770f00000)
  from space 6656K, 99% used [0x0000000774080000,0x00000007746fa320,0x0000000774700000)
  to   space 10752K, 0% used [0x0000000773200000,0x0000000773200000,0x0000000773c80000)
 ParOldGen       total 109568K, used 6057K [0x00000006c2400000, 0x00000006c8f00000, 0x000000076b700000)
  object space 109568K, 5% used [0x00000006c2400000,0x00000006c29ea4b8,0x00000006c8f00000)
 Metaspace       used 23821K, capacity 25162K, committed 25344K, reserved 1071104K
  class space    used 3012K, capacity 3283K, committed 3328K, reserved 1048576K
}
Event: 3.284 GC heap before
{Heap before GC invocations=6 (full 1):
 PSYoungGen      total 96768K, used 96712K [0x000000076b700000, 0x0000000774700000, 0x00000007c0000000)
  eden space 90112K, 99% used [0x000000076b700000,0x0000000770ef7e70,0x0000000770f00000)
  from space 6656K, 99% used [0x0000000774080000,0x00000007746fa320,0x0000000774700000)
  to   space 10752K, 0% used [0x0000000773200000,0x0000000773200000,0x0000000773c80000)
 ParOldGen       total 109568K, used 6057K [0x00000006c2400000, 0x00000006c8f00000, 0x000000076b700000)
  object space 109568K, 5% used [0x00000006c2400000,0x00000006c29ea4b8,0x00000006c8f00000)
 Metaspace       used 29659K, capacity 31736K, committed 31872K, reserved 1077248K
  class space    used 3825K, capacity 4190K, committed 4224K, reserved 1048576K
Event: 3.290 GC heap after
Heap after GC invocations=6 (full 1):
 PSYoungGen      total 133120K, used 10405K [0x000000076b700000, 0x0000000774780000, 0x00000007c0000000)
  eden space 122368K, 0% used [0x000000076b700000,0x000000076b700000,0x0000000772e80000)
  from space 10752K, 96% used [0x0000000773200000,0x0000000773c29700,0x0000000773c80000)
  to   space 11264K, 0% used [0x0000000773c80000,0x0000000773c80000,0x0000000774780000)
 ParOldGen       total 109568K, used 6065K [0x00000006c2400000, 0x00000006c8f00000, 0x000000076b700000)
  object space 109568K, 5% used [0x00000006c2400000,0x00000006c29ec4b8,0x00000006c8f00000)
 Metaspace       used 29659K, capacity 31736K, committed 31872K, reserved 1077248K
  class space    used 3825K, capacity 4190K, committed 4224K, reserved 1048576K
}
Event: 3.615 GC heap before
{Heap before GC invocations=7 (full 1):
 PSYoungGen      total 133120K, used 55571K [0x000000076b700000, 0x0000000774780000, 0x00000007c0000000)
  eden space 122368K, 36% used [0x000000076b700000,0x000000076e31b7f0,0x0000000772e80000)
  from space 10752K, 96% used [0x0000000773200000,0x0000000773c29700,0x0000000773c80000)
  to   space 11264K, 0% used [0x0000000773c80000,0x0000000773c80000,0x0000000774780000)
 ParOldGen       total 109568K, used 6065K [0x00000006c2400000, 0x00000006c8f00000, 0x000000076b700000)
  object space 109568K, 5% used [0x00000006c2400000,0x00000006c29ec4b8,0x00000006c8f00000)
 Metaspace       used 33099K, capacity 35274K, committed 35416K, reserved 1081344K
  class space    used 4210K, capacity 4581K, committed 4608K, reserved 1048576K
Event: 3.622 GC heap after
Heap after GC invocations=7 (full 1):
 PSYoungGen      total 133632K, used 10605K [0x000000076b700000, 0x0000000774780000, 0x00000007c0000000)
  eden space 122368K, 0% used [0x000000076b700000,0x000000076b700000,0x0000000772e80000)
  from space 11264K, 94% used [0x0000000773c80000,0x00000007746db758,0x0000000774780000)
  to   space 10752K, 0% used [0x0000000773200000,0x0000000773200000,0x0000000773c80000)
 ParOldGen       total 109568K, used 6073K [0x00000006c2400000, 0x00000006c8f00000, 0x000000076b700000)
  object space 109568K, 5% used [0x00000006c2400000,0x00000006c29ee4b8,0x00000006c8f00000)
 Metaspace       used 33099K, capacity 35274K, committed 35416K, reserved 1081344K
  class space    used 4210K, capacity 4581K, committed 4608K, reserved 1048576K
}
Event: 3.622 GC heap before
{Heap before GC invocations=8 (full 2):
 PSYoungGen      total 133632K, used 10605K [0x000000076b700000, 0x0000000774780000, 0x00000007c0000000)
  eden space 122368K, 0% used [0x000000076b700000,0x000000076b700000,0x0000000772e80000)
  from space 11264K, 94% used [0x0000000773c80000,0x00000007746db758,0x0000000774780000)
  to   space 10752K, 0% used [0x0000000773200000,0x0000000773200000,0x0000000773c80000)
 ParOldGen       total 109568K, used 6073K [0x00000006c2400000, 0x00000006c8f00000, 0x000000076b700000)
  object space 109568K, 5% used [0x00000006c2400000,0x00000006c29ee4b8,0x00000006c8f00000)
 Metaspace       used 33099K, capacity 35274K, committed 35416K, reserved 1081344K
  class space    used 4210K, capacity 4581K, committed 4608K, reserved 1048576K
Event: 3.658 GC heap after
Heap after GC invocations=8 (full 2):
 PSYoungGen      total 133632K, used 0K [0x000000076b700000, 0x0000000774780000, 0x00000007c0000000)
  eden space 122368K, 0% used [0x000000076b700000,0x000000076b700000,0x0000000772e80000)
  from space 11264K, 0% used [0x0000000773c80000,0x0000000773c80000,0x0000000774780000)
  to   space 10752K, 0% used [0x0000000773200000,0x0000000773200000,0x0000000773c80000)
 ParOldGen       total 109568K, used 14816K [0x00000006c2400000, 0x00000006c8f00000, 0x000000076b700000)
  object space 109568K, 13% used [0x00000006c2400000,0x00000006c3278218,0x00000006c8f00000)
 Metaspace       used 33099K, capacity 35274K, committed 35416K, reserved 1081344K
  class space    used 4210K, capacity 4581K, committed 4608K, reserved 1048576K
}
Event: 5.142 GC heap before
{Heap before GC invocations=9 (full 2):
 PSYoungGen      total 133632K, used 122368K [0x000000076b700000, 0x0000000774780000, 0x00000007c0000000)
  eden space 122368K, 100% used [0x000000076b700000,0x0000000772e80000,0x0000000772e80000)
  from space 11264K, 0% used [0x0000000773c80000,0x0000000773c80000,0x0000000774780000)
  to   space 10752K, 0% used [0x0000000773200000,0x0000000773200000,0x0000000773c80000)
 ParOldGen       total 109568K, used 14816K [0x00000006c2400000, 0x00000006c8f00000, 0x000000076b700000)
  object space 109568K, 13% used [0x00000006c2400000,0x00000006c3278218,0x00000006c8f00000)
 Metaspace       used 48982K, capacity 51606K, committed 51712K, reserved 1093632K
  class space    used 6680K, capacity 7113K, committed 7168K, reserved 1048576K
Event: 5.152 GC heap after
Heap after GC invocations=9 (full 2):
 PSYoungGen      total 133120K, used 10751K [0x000000076b700000, 0x0000000774780000, 0x00000007c0000000)
  eden space 122368K, 0% used [0x000000076b700000,0x000000076b700000,0x0000000772e80000)
  from space 10752K, 99% used [0x0000000773200000,0x0000000773c7fe50,0x0000000773c80000)
  to   space 11264K, 0% used [0x0000000773c80000,0x0000000773c80000,0x0000000774780000)
 ParOldGen       total 109568K, used 20343K [0x00000006c2400000, 0x00000006c8f00000, 0x000000076b700000)
  object space 109568K, 18% used [0x00000006c2400000,0x00000006c37ddf88,0x00000006c8f00000)
 Metaspace       used 48982K, capacity 51606K, committed 51712K, reserved 1093632K
  class space    used 6680K, capacity 7113K, committed 7168K, reserved 1048576K
}

